<?xml version="1.0" encoding="UTF-8"?>
<!-- Generated by org.testng.reporters.JUnitXMLReporter -->
<testsuite ignored="0" hostname="DESKTOP-07GV6CH" failures="0" tests="5" name="Test" time="0.268" errors="0" timestamp="2023-07-22T13:07:39 IST">
  <testcase classname="TestNGFeature.Demo" name="b" time="0.04"/>
  <testcase classname="TestNGFeature.Demo" name="c" time="0.005"/>
  <testcase classname="TestNGFeature.Demo" name="d" time="0.005"/>
  <testcase classname="TestNGFeature.Demo2" name="e" time="0.003"/>
  <testcase classname="TestNGFeature.Demo2" name="f" time="0.005"/>
</testsuite> <!-- Test -->
