<?xml version="1.0" encoding="UTF-8"?>
<!-- Generated by org.testng.reporters.JUnitXMLReporter -->
<testsuite ignored="0" hostname="DESKTOP-07GV6CH" failures="1" tests="2" name="Test" time="0.252" errors="0" timestamp="2023-07-21T11:55:23 IST">
  <testcase classname="ListenerClass.TestCases1" name="Test1" time="0.047"/>
  <testcase classname="ListenerClass.TestCases1" name="Test2" time="0.037">
    <failure type="java.lang.AssertionError" message="expected [true] but found [false]">
      <![CDATA[java.lang.AssertionError: expected [true] but found [false]
at ListenerClass.TestCases1.Test2(TestCases1.java:18)
at java.base/java.util.ArrayList.forEach(ArrayList.java:1511)
... Removed 29 stack frames]]>
    </failure>
  </testcase> <!-- Test2 -->
</testsuite> <!-- Test -->
